Started on Mar 10, 2026, 4:51:26 AM
Started by event from 140.82.115.63 ⇒ http://13.232.247.204:8080/github-webhook/ on Tue Mar 10 04:51:26 UTC 2026
Using strategy: Default
[poll] Last Built Revision: Revision d79ac08fb2bc1a3a2e2f8848949cc3c2fd81f015 (refs/remotes/origin/master)
The recommended git tool is: git
No credentials specified
 > git --version # timeout=10
 > git --version # 'git version 2.50.1'
 > git ls-remote -h -- https://github.com/nasiroddin-qatib/Nexus-CICD # timeout=10
Found 1 remote heads on https://github.com/nasiroddin-qatib/Nexus-CICD
[poll] Latest remote head revision on refs/heads/master is: 251d8892ae6175d9967c7ecbc6c6d9fc04f09290
Using strategy: Default
The recommended git tool is: git
No credentials specified
 > git --version # timeout=10
 > git --version # 'git version 2.50.1'
 > git ls-remote -h -- https://github.com/nasiroddin-qatib/Nexus-CICD/ # timeout=10
Found 1 remote heads on https://github.com/nasiroddin-qatib/Nexus-CICD/
[poll] Latest remote head revision on refs/heads/master is: 251d8892ae6175d9967c7ecbc6c6d9fc04f09290
Done. Took 1.3 sec
Changes found
