Started on Mar 10, 2026, 5:27:09 AM
Started by event from 140.82.115.6 ⇒ http://13.232.247.204:8080/github-webhook/ on Tue Mar 10 05:27:09 UTC 2026
Using strategy: Default
[poll] Last Built Revision: Revision 251d8892ae6175d9967c7ecbc6c6d9fc04f09290 (refs/remotes/origin/master)
The recommended git tool is: git
No credentials specified
 > git --version # timeout=10
 > git --version # 'git version 2.50.1'
 > git ls-remote -h -- https://github.com/nasiroddin-qatib/Nexus-CICD # timeout=10
Found 1 remote heads on https://github.com/nasiroddin-qatib/Nexus-CICD
[poll] Latest remote head revision on refs/heads/master is: e62189536d3044c940a0664d1511c03430ec5698
Using strategy: Default
The recommended git tool is: git
No credentials specified
 > git --version # timeout=10
 > git --version # 'git version 2.50.1'
 > git ls-remote -h -- https://github.com/nasiroddin-qatib/Nexus-CICD/ # timeout=10
Found 1 remote heads on https://github.com/nasiroddin-qatib/Nexus-CICD/
[poll] Latest remote head revision on refs/heads/master is: e62189536d3044c940a0664d1511c03430ec5698
Done. Took 1.2 sec
Changes found
