Started on Mar 10, 2026, 5:30:49 AM
Started by event from 140.82.115.50 ⇒ http://13.232.247.204:8080/github-webhook/ on Tue Mar 10 05:30:49 UTC 2026
Using strategy: Default
[poll] Last Built Revision: Revision e62189536d3044c940a0664d1511c03430ec5698 (refs/remotes/origin/master)
The recommended git tool is: git
No credentials specified
 > git --version # timeout=10
 > git --version # 'git version 2.50.1'
 > git ls-remote -h -- https://github.com/nasiroddin-qatib/Nexus-CICD # timeout=10
Found 1 remote heads on https://github.com/nasiroddin-qatib/Nexus-CICD
[poll] Latest remote head revision on refs/heads/master is: 404980c719d184690925e6b56fac1ec18ad9ac25
Using strategy: Default
The recommended git tool is: git
No credentials specified
 > git --version # timeout=10
 > git --version # 'git version 2.50.1'
 > git ls-remote -h -- https://github.com/nasiroddin-qatib/Nexus-CICD/ # timeout=10
Found 1 remote heads on https://github.com/nasiroddin-qatib/Nexus-CICD/
[poll] Latest remote head revision on refs/heads/master is: 404980c719d184690925e6b56fac1ec18ad9ac25
Done. Took 1.3 sec
Changes found
